\BOOKMARK [0][-]{chapter*.1}{\376\377\000E\000x\000e\000c\000u\000t\000i\000v\000e\000\040\000S\000u\000m\000m\000a\000r\000y}{}% 1
\BOOKMARK [0][-]{chapter*.2}{\376\377\000C\000o\000n\000t\000e\000n\000t\000s}{}% 2
\BOOKMARK [0][-]{chapter*.3}{\376\377\000L\000i\000s\000t\000\040\000o\000f\000\040\000F\000i\000g\000u\000r\000e\000s}{}% 3
\BOOKMARK [0][-]{chapter*.4}{\376\377\000L\000i\000s\000t\000\040\000o\000f\000\040\000T\000a\000b\000l\000e\000s}{}% 4
\BOOKMARK [0][-]{chapter*.5}{\376\377\000L\000i\000s\000t\000i\000n\000g\000s}{}% 5
\BOOKMARK [0][-]{chapter.1}{\376\377\000I\000n\000t\000r\000o\000d\000u\000c\000t\000i\000o\000n}{}% 6
\BOOKMARK [1][-]{section.1.1}{\376\377\000B\000a\000c\000k\000g\000r\000o\000u\000n\000d\000\040\000a\000n\000d\000\040\000M\000o\000t\000i\000v\000a\000t\000i\000o\000n}{chapter.1}% 7
\BOOKMARK [1][-]{section.1.2}{\376\377\000O\000b\000j\000e\000c\000t\000i\000v\000e\000s}{chapter.1}% 8
\BOOKMARK [1][-]{section.1.3}{\376\377\000S\000c\000o\000p\000e\000\040\000a\000n\000d\000\040\000L\000i\000m\000i\000t\000a\000t\000i\000o\000n\000s}{chapter.1}% 9
\BOOKMARK [2][-]{subsection.1.3.1}{\376\377\000I\000n\000c\000l\000u\000d\000e\000d\000\040\000F\000e\000a\000t\000u\000r\000e\000s}{section.1.3}% 10
\BOOKMARK [2][-]{subsection.1.3.2}{\376\377\000A\000r\000c\000h\000i\000t\000e\000c\000t\000u\000r\000a\000l\000\040\000C\000o\000n\000s\000t\000r\000a\000i\000n\000t\000s}{section.1.3}% 11
\BOOKMARK [0][-]{chapter.2}{\376\377\000T\000e\000c\000h\000n\000i\000c\000a\000l\000\040\000A\000r\000c\000h\000i\000t\000e\000c\000t\000u\000r\000e}{}% 12
\BOOKMARK [1][-]{section.2.1}{\376\377\000S\000y\000s\000t\000e\000m\000\040\000O\000v\000e\000r\000v\000i\000e\000w}{chapter.2}% 13
\BOOKMARK [1][-]{section.2.2}{\376\377\000L\000a\000y\000e\000r\000\040\000A\000r\000c\000h\000i\000t\000e\000c\000t\000u\000r\000e}{chapter.2}% 14
\BOOKMARK [2][-]{subsection.2.2.1}{\376\377\000P\000r\000e\000s\000e\000n\000t\000a\000t\000i\000o\000n\000\040\000L\000a\000y\000e\000r}{section.2.2}% 15
\BOOKMARK [2][-]{subsection.2.2.2}{\376\377\000B\000u\000s\000i\000n\000e\000s\000s\000\040\000L\000o\000g\000i\000c\000\040\000L\000a\000y\000e\000r}{section.2.2}% 16
\BOOKMARK [2][-]{subsection.2.2.3}{\376\377\000D\000a\000t\000a\000\040\000L\000a\000y\000e\000r}{section.2.2}% 17
\BOOKMARK [1][-]{section.2.3}{\376\377\000J\000S\000O\000N\000B\000i\000n\000.\000i\000o\000\040\000I\000n\000t\000e\000g\000r\000a\000t\000i\000o\000n}{chapter.2}% 18
\BOOKMARK [2][-]{subsection.2.3.1}{\376\377\000A\000P\000I\000\040\000O\000p\000e\000r\000a\000t\000i\000o\000n\000s}{section.2.3}% 19
\BOOKMARK [1][-]{section.2.4}{\376\377\000D\000a\000t\000a\000\040\000S\000y\000n\000c\000h\000r\000o\000n\000i\000z\000a\000t\000i\000o\000n\000\040\000S\000t\000r\000a\000t\000e\000g\000y}{chapter.2}% 20
\BOOKMARK [0][-]{chapter.3}{\376\377\000I\000n\000s\000t\000a\000l\000l\000a\000t\000i\000o\000n\000\040\000a\000n\000d\000\040\000S\000e\000t\000u\000p}{}% 21
\BOOKMARK [1][-]{section.3.1}{\376\377\000P\000r\000e\000r\000e\000q\000u\000i\000s\000i\000t\000e\000s}{chapter.3}% 22
\BOOKMARK [1][-]{section.3.2}{\376\377\000S\000t\000e\000p\000-\000b\000y\000-\000S\000t\000e\000p\000\040\000I\000n\000s\000t\000a\000l\000l\000a\000t\000i\000o\000n}{chapter.3}% 23
\BOOKMARK [2][-]{subsection.3.2.1}{\376\377\000S\000t\000e\000p\000\040\0001\000:\000\040\000C\000l\000o\000n\000e\000\040\000t\000h\000e\000\040\000R\000e\000p\000o\000s\000i\000t\000o\000r\000y}{section.3.2}% 24
\BOOKMARK [2][-]{subsection.3.2.2}{\376\377\000S\000t\000e\000p\000\040\0002\000:\000\040\000C\000r\000e\000a\000t\000e\000\040\000J\000S\000O\000N\000B\000i\000n\000\040\000B\000i\000n\000s}{section.3.2}% 25
\BOOKMARK [2][-]{subsection.3.2.3}{\376\377\000S\000t\000e\000p\000\040\0003\000:\000\040\000C\000o\000n\000f\000i\000g\000u\000r\000e\000\040\000A\000p\000p\000l\000i\000c\000a\000t\000i\000o\000n}{section.3.2}% 26
\BOOKMARK [2][-]{subsection.3.2.4}{\376\377\000S\000t\000e\000p\000\040\0004\000:\000\040\000L\000o\000c\000a\000l\000\040\000D\000e\000v\000e\000l\000o\000p\000m\000e\000n\000t}{section.3.2}% 27
\BOOKMARK [2][-]{subsection.3.2.5}{\376\377\000S\000t\000e\000p\000\040\0005\000:\000\040\000D\000e\000p\000l\000o\000y\000\040\000t\000o\000\040\000G\000i\000t\000H\000u\000b\000\040\000P\000a\000g\000e\000s}{section.3.2}% 28
\BOOKMARK [1][-]{section.3.3}{\376\377\000C\000o\000n\000f\000i\000g\000u\000r\000a\000t\000i\000o\000n\000\040\000O\000p\000t\000i\000o\000n\000s}{chapter.3}% 29
\BOOKMARK [2][-]{subsection.3.3.1}{\376\377\000A\000d\000m\000i\000n\000\040\000A\000c\000c\000o\000u\000n\000t\000\040\000C\000u\000s\000t\000o\000m\000i\000z\000a\000t\000i\000o\000n}{section.3.3}% 30
\BOOKMARK [2][-]{subsection.3.3.2}{\376\377\000S\000e\000s\000s\000i\000o\000n\000\040\000D\000u\000r\000a\000t\000i\000o\000n}{section.3.3}% 31
\BOOKMARK [0][-]{chapter.4}{\376\377\000U\000s\000e\000r\000\040\000G\000u\000i\000d\000e}{}% 32
\BOOKMARK [1][-]{section.4.1}{\376\377\000G\000e\000t\000t\000i\000n\000g\000\040\000S\000t\000a\000r\000t\000e\000d}{chapter.4}% 33
\BOOKMARK [1][-]{section.4.2}{\376\377\000U\000s\000e\000r\000\040\000R\000e\000g\000i\000s\000t\000r\000a\000t\000i\000o\000n}{chapter.4}% 34
\BOOKMARK [1][-]{section.4.3}{\376\377\000C\000r\000e\000a\000t\000i\000n\000g\000\040\000T\000i\000c\000k\000e\000t\000s}{chapter.4}% 35
\BOOKMARK [1][-]{section.4.4}{\376\377\000T\000i\000c\000k\000e\000t\000\040\000M\000a\000n\000a\000g\000e\000m\000e\000n\000t}{chapter.4}% 36
\BOOKMARK [1][-]{section.4.5}{\376\377\000A\000d\000m\000i\000n\000i\000s\000t\000r\000a\000t\000o\000r\000\040\000F\000u\000n\000c\000t\000i\000o\000n\000s}{chapter.4}% 37
\BOOKMARK [2][-]{subsection.4.5.1}{\376\377\000T\000i\000c\000k\000e\000t\000\040\000R\000e\000s\000o\000l\000u\000t\000i\000o\000n}{section.4.5}% 38
\BOOKMARK [2][-]{subsection.4.5.2}{\376\377\000T\000i\000c\000k\000e\000t\000\040\000A\000s\000s\000i\000g\000n\000m\000e\000n\000t}{section.4.5}% 39
\BOOKMARK [1][-]{section.4.6}{\376\377\000K\000e\000y\000b\000o\000a\000r\000d\000\040\000S\000h\000o\000r\000t\000c\000u\000t\000s}{chapter.4}% 40
\BOOKMARK [0][-]{chapter.5}{\376\377\000S\000e\000c\000u\000r\000i\000t\000y\000\040\000A\000r\000c\000h\000i\000t\000e\000c\000t\000u\000r\000e}{}% 41
\BOOKMARK [1][-]{section.5.1}{\376\377\000A\000u\000t\000h\000e\000n\000t\000i\000c\000a\000t\000i\000o\000n}{chapter.5}% 42
\BOOKMARK [1][-]{section.5.2}{\376\377\000S\000e\000s\000s\000i\000o\000n\000\040\000M\000a\000n\000a\000g\000e\000m\000e\000n\000t}{chapter.5}% 43
\BOOKMARK [1][-]{section.5.3}{\376\377\000X\000S\000S\000\040\000P\000r\000e\000v\000e\000n\000t\000i\000o\000n}{chapter.5}% 44
\BOOKMARK [1][-]{section.5.4}{\376\377\000S\000e\000c\000u\000r\000i\000t\000y\000\040\000C\000o\000n\000s\000i\000d\000e\000r\000a\000t\000i\000o\000n\000s}{chapter.5}% 45
\BOOKMARK [2][-]{subsection.5.4.1}{\376\377\000C\000l\000i\000e\000n\000t\000-\000S\000i\000d\000e\000\040\000H\000a\000s\000h\000i\000n\000g\000\040\000L\000i\000m\000i\000t\000a\000t\000i\000o\000n\000s}{section.5.4}% 46
\BOOKMARK [2][-]{subsection.5.4.2}{\376\377\000J\000S\000O\000N\000B\000i\000n\000.\000i\000o\000\040\000A\000P\000I\000\040\000K\000e\000y\000\040\000P\000r\000o\000t\000e\000c\000t\000i\000o\000n}{section.5.4}% 47
\BOOKMARK [0][-]{chapter.6}{\376\377\000A\000P\000I\000\040\000R\000e\000f\000e\000r\000e\000n\000c\000e}{}% 48
\BOOKMARK [1][-]{section.6.1}{\376\377\000U\000s\000e\000r\000\040\000M\000a\000n\000a\000g\000e\000m\000e\000n\000t\000\040\000F\000u\000n\000c\000t\000i\000o\000n\000s}{chapter.6}% 49
\BOOKMARK [2][-]{subsection.6.1.1}{\376\377\000r\000e\000g\000i\000s\000t\000e\000r\000\050\000e\000m\000a\000i\000l\000,\000\040\000p\000a\000s\000s\000w\000o\000r\000d\000,\000\040\000n\000a\000m\000e\000\051}{section.6.1}% 50
\BOOKMARK [2][-]{subsection.6.1.2}{\376\377\000l\000o\000g\000i\000n\000\050\000e\000m\000a\000i\000l\000,\000\040\000p\000a\000s\000s\000w\000o\000r\000d\000\051}{section.6.1}% 51
\BOOKMARK [1][-]{section.6.2}{\376\377\000T\000i\000c\000k\000e\000t\000\040\000M\000a\000n\000a\000g\000e\000m\000e\000n\000t\000\040\000F\000u\000n\000c\000t\000i\000o\000n\000s}{chapter.6}% 52
\BOOKMARK [2][-]{subsection.6.2.1}{\376\377\000c\000r\000e\000a\000t\000e\000T\000i\000c\000k\000e\000t\000\050\000t\000i\000t\000l\000e\000,\000\040\000d\000e\000s\000c\000r\000i\000p\000t\000i\000o\000n\000,\000\040\000p\000r\000i\000o\000r\000i\000t\000y\000,\000\040\000c\000a\000t\000e\000g\000o\000r\000y\000\051}{section.6.2}% 53
\BOOKMARK [2][-]{subsection.6.2.2}{\376\377\000c\000l\000o\000s\000e\000T\000i\000c\000k\000e\000t\000\050\000t\000i\000c\000k\000e\000t\000I\000d\000,\000\040\000r\000e\000s\000p\000o\000n\000s\000e\000\051}{section.6.2}% 54
\BOOKMARK [1][-]{section.6.3}{\376\377\000Q\000u\000e\000r\000y\000\040\000F\000u\000n\000c\000t\000i\000o\000n\000s}{chapter.6}% 55
\BOOKMARK [0][-]{chapter.7}{\376\377\000B\000e\000s\000t\000\040\000P\000r\000a\000c\000t\000i\000c\000e\000s\000\040\000a\000n\000d\000\040\000T\000r\000o\000u\000b\000l\000e\000s\000h\000o\000o\000t\000i\000n\000g}{}% 56
\BOOKMARK [1][-]{section.7.1}{\376\377\000B\000e\000s\000t\000\040\000P\000r\000a\000c\000t\000i\000c\000e\000s}{chapter.7}% 57
\BOOKMARK [2][-]{subsection.7.1.1}{\376\377\000D\000e\000p\000l\000o\000y\000m\000e\000n\000t\000\040\000B\000e\000s\000t\000\040\000P\000r\000a\000c\000t\000i\000c\000e\000s}{section.7.1}% 58
\BOOKMARK [2][-]{subsection.7.1.2}{\376\377\000S\000e\000c\000u\000r\000i\000t\000y\000\040\000B\000e\000s\000t\000\040\000P\000r\000a\000c\000t\000i\000c\000e\000s}{section.7.1}% 59
\BOOKMARK [1][-]{section.7.2}{\376\377\000C\000o\000m\000m\000o\000n\000\040\000I\000s\000s\000u\000e\000s\000\040\000a\000n\000d\000\040\000S\000o\000l\000u\000t\000i\000o\000n\000s}{chapter.7}% 60
\BOOKMARK [2][-]{subsection.7.2.1}{\376\377\000I\000s\000s\000u\000e\000:\000\040\000S\000e\000r\000v\000i\000c\000e\000\040\000W\000o\000r\000k\000e\000r\000\040\000N\000o\000t\000\040\000C\000a\000c\000h\000i\000n\000g}{section.7.2}% 61
\BOOKMARK [2][-]{subsection.7.2.2}{\376\377\000I\000s\000s\000u\000e\000:\000\040\000D\000a\000t\000a\000\040\000O\000v\000e\000r\000w\000r\000i\000t\000e\000s}{section.7.2}% 62
\BOOKMARK [2][-]{subsection.7.2.3}{\376\377\000I\000s\000s\000u\000e\000:\000\040\000L\000o\000g\000i\000n\000\040\000F\000a\000i\000l\000u\000r\000e\000s}{section.7.2}% 63
\BOOKMARK [1][-]{section.7.3}{\376\377\000P\000e\000r\000f\000o\000r\000m\000a\000n\000c\000e\000\040\000O\000p\000t\000i\000m\000i\000z\000a\000t\000i\000o\000n}{chapter.7}% 64
\BOOKMARK [0][-]{chapter.8}{\376\377\000C\000o\000n\000c\000l\000u\000s\000i\000o\000n\000s\000\040\000a\000n\000d\000\040\000F\000u\000t\000u\000r\000e\000\040\000W\000o\000r\000k}{}% 65
\BOOKMARK [1][-]{section.8.1}{\376\377\000P\000r\000o\000j\000e\000c\000t\000\040\000S\000u\000m\000m\000a\000r\000y}{chapter.8}% 66
\BOOKMARK [1][-]{section.8.2}{\376\377\000A\000c\000h\000i\000e\000v\000e\000m\000e\000n\000t\000s}{chapter.8}% 67
\BOOKMARK [1][-]{section.8.3}{\376\377\000F\000u\000t\000u\000r\000e\000\040\000E\000n\000h\000a\000n\000c\000e\000m\000e\000n\000t\000s}{chapter.8}% 68
\BOOKMARK [1][-]{section.8.4}{\376\377\000L\000i\000c\000e\000n\000s\000e}{chapter.8}% 69
\BOOKMARK [0][-]{chapter.9}{\376\377\000B\000i\000b\000l\000i\000o\000g\000r\000a\000p\000h\000y}{}% 70
\BOOKMARK [0][-]{chapter.9}{\376\377\000B\000i\000b\000l\000i\000o\000g\000r\000a\000p\000h\000y}{}% 71
\BOOKMARK [0][-]{chapter*.11}{\376\377\000B\000i\000b\000l\000i\000o\000g\000r\000a\000p\000h\000y}{}% 72
\BOOKMARK [1][-]{section*.12}{\376\377\000R\000e\000f\000e\000r\000e\000n\000c\000e\000s}{chapter*.11}% 73
\BOOKMARK [0][-]{appendix.A}{\376\377\000A\000p\000p\000e\000n\000d\000i\000x\000:\000\040\000A\000d\000v\000a\000n\000c\000e\000d\000\040\000C\000o\000n\000f\000i\000g\000u\000r\000a\000t\000i\000o\000n\000s}{}% 74
\BOOKMARK [1][-]{section.A.1}{\376\377\000C\000u\000s\000t\000o\000m\000i\000z\000i\000n\000g\000\040\000t\000h\000e\000\040\000D\000e\000s\000i\000g\000n\000\040\000S\000y\000s\000t\000e\000m}{appendix.A}% 75
\BOOKMARK [1][-]{section.A.2}{\376\377\000D\000a\000r\000k\000\040\000M\000o\000d\000e\000\040\000C\000o\000n\000f\000i\000g\000u\000r\000a\000t\000i\000o\000n}{appendix.A}% 76
\BOOKMARK [1][-]{section.A.3}{\376\377\000A\000d\000d\000i\000n\000g\000\040\000N\000e\000w\000\040\000L\000a\000n\000g\000u\000a\000g\000e\000s}{appendix.A}% 77
\BOOKMARK [1][-]{section.A.4}{\376\377\000I\000n\000d\000e\000x\000e\000d\000D\000B\000\040\000S\000c\000h\000e\000m\000a\000\040\000R\000e\000f\000e\000r\000e\000n\000c\000e}{appendix.A}% 78
\BOOKMARK [0][-]{appendix*.13}{\376\377\000A\000c\000k\000n\000o\000w\000l\000e\000d\000g\000m\000e\000n\000t\000s}{}% 79
